<?xml version="1.0" encoding="UTF-8"?>
<!-- Generated by org.testng.reporters.JUnitXMLReporter -->
<testsuite ignored="0" hostname="WIN-GLF10487UOQ" failures="0" tests="3" name="Test" time="18.313" errors="0" timestamp="2022-02-04T18:24:00 PST">
  <testcase classname="com.sddevops.selenuim.NewTest" name="BankUserLogin" time="1.922"/>
  <testcase classname="com.sddevops.selenuim.NewTest" name="CustomerRegistration" time="6.908"/>
  <testcase classname="com.sddevops.selenuim.NewTest" name="CustomerTransaction" time="4.824"/>
</testsuite> <!-- Test -->
