<?xml version="1.0" encoding="UTF-8"?>
<!-- Generated by org.testng.reporters.JUnitXMLReporter -->
<testsuite ignored="0" hostname="WIN-GLF10487UOQ" failures="0" tests="3" name="Test" time="16.255" errors="0" timestamp="2022-02-04T22:56:31 PST">
  <testcase classname="com.sddevops.selenuim.NewTest" name="BankUserLogin" time="1.148"/>
  <testcase classname="com.sddevops.selenuim.NewTest" name="CustomerRegistration" time="5.375"/>
  <testcase classname="com.sddevops.selenuim.NewTest" name="CustomerTransaction" time="4.552"/>
</testsuite> <!-- Test -->
