<?xml version="1.0" encoding="UTF-8"?>
<testng-results ignored="0" total="3" passed="3" failed="0" skipped="0">
  <reporter-output>
  </reporter-output>
  <suite started-at="2022-02-03T22:09:54 PST" name="Suite" finished-at="2022-02-03T22:10:11 PST" duration-ms="16376">
    <groups>
    </groups>
    <test started-at="2022-02-03T22:09:54 PST" name="Test" finished-at="2022-02-03T22:10:11 PST" duration-ms="16376">
      <class name="com.sddevops.selenuim.NewTest">
        <test-method is-config="true" signature="beforeTest()[pri:0, instance:com.sddevops.selenuim.NewTest@77f1baf5]" started-at="2022-02-03T22:09:54 PST" name="beforeTest" finished-at="2022-02-03T22:09:58 PST" duration-ms="3495" status="PASS">
          <reporter-output>
          </reporter-output>
        </test-method> <!-- beforeTest -->
        <test-method signature="BankUserLogin()[pri:0, instance:com.sddevops.selenuim.NewTest@77f1baf5]" started-at="2022-02-03T22:09:58 PST" name="BankUserLogin" finished-at="2022-02-03T22:09:59 PST" duration-ms="1566" status="PASS">
          <reporter-output>
          </reporter-output>
        </test-method> <!-- BankUserLogin -->
        <test-method signature="CustomerRegistration()[pri:0, instance:com.sddevops.selenuim.NewTest@77f1baf5]" started-at="2022-02-03T22:09:59 PST" name="CustomerRegistration" finished-at="2022-02-03T22:10:05 PST" duration-ms="5851" status="PASS">
          <reporter-output>
          </reporter-output>
        </test-method> <!-- CustomerRegistration -->
        <test-method signature="CustomerTransaction()[pri:0, instance:com.sddevops.selenuim.NewTest@77f1baf5]" started-at="2022-02-03T22:10:05 PST" name="CustomerTransaction" finished-at="2022-02-03T22:10:09 PST" duration-ms="4293" status="PASS">
          <reporter-output>
          </reporter-output>
        </test-method> <!-- CustomerTransaction -->
        <test-method is-config="true" signature="afterTest()[pri:0, instance:com.sddevops.selenuim.NewTest@77f1baf5]" started-at="2022-02-03T22:10:09 PST" name="afterTest" finished-at="2022-02-03T22:10:11 PST" duration-ms="1127" status="PASS">
          <reporter-output>
          </reporter-output>
        </test-method> <!-- afterTest -->
      </class> <!-- com.sddevops.selenuim.NewTest -->
    </test> <!-- Test -->
  </suite> <!-- Suite -->
</testng-results>
