<?xml version="1.0" encoding="UTF-8"?>
<testsuite xmlns:xsi="http://www.w3.org/2001/XMLSchema-instance" xsi:noNamespaceSchemaLocation="https://maven.apache.org/surefire/maven-surefire-plugin/xsd/surefire-test-report.xsd" name="TestSuite" time="19.124" tests="3" errors="0" skipped="0" failures="0">
  <properties>
[...]
</properties>
  <testcase name="BankUserLogin" classname="com.sddevops.selenuim.NewTest" time="1.927"/>
  <testcase name="CustomerRegistration" classname="com.sddevops.selenuim.NewTest" time="6.913"/>
  <testcase name="CustomerTransaction" classname="com.sddevops.selenuim.NewTest" time="4.806"/>
</testsuite>