<?xml version="1.0" encoding="UTF-8"?>
<testng-results ignored="0" total="3" passed="3" failed="0" skipped="0">
  <reporter-output>
  </reporter-output>
  <suite started-at="2022-02-04T22:56:15 PST" name="Suite" finished-at="2022-02-04T22:56:31 PST" duration-ms="16255">
    <groups>
    </groups>
    <test started-at="2022-02-04T22:56:15 PST" name="Test" finished-at="2022-02-04T22:56:31 PST" duration-ms="16255">
      <class name="com.sddevops.selenuim.NewTest">
        <test-method is-config="true" signature="beforeTest()[pri:0, instance:com.sddevops.selenuim.NewTest@6200f9cb]" started-at="2022-02-04T22:56:15 PST" name="beforeTest" finished-at="2022-02-04T22:56:19 PST" duration-ms="3955" status="PASS">
          <reporter-output>
          </reporter-output>
        </test-method> <!-- beforeTest -->
        <test-method signature="BankUserLogin()[pri:0, instance:com.sddevops.selenuim.NewTest@6200f9cb]" started-at="2022-02-04T22:56:19 PST" name="BankUserLogin" finished-at="2022-02-04T22:56:20 PST" duration-ms="1148" status="PASS">
          <reporter-output>
          </reporter-output>
        </test-method> <!-- BankUserLogin -->
        <test-method signature="CustomerRegistration()[pri:0, instance:com.sddevops.selenuim.NewTest@6200f9cb]" started-at="2022-02-04T22:56:20 PST" name="CustomerRegistration" finished-at="2022-02-04T22:56:25 PST" duration-ms="5375" status="PASS">
          <reporter-output>
          </reporter-output>
        </test-method> <!-- CustomerRegistration -->
        <test-method signature="CustomerTransaction()[pri:0, instance:com.sddevops.selenuim.NewTest@6200f9cb]" started-at="2022-02-04T22:56:25 PST" name="CustomerTransaction" finished-at="2022-02-04T22:56:30 PST" duration-ms="4552" status="PASS">
          <reporter-output>
          </reporter-output>
        </test-method> <!-- CustomerTransaction -->
        <test-method is-config="true" signature="afterTest()[pri:0, instance:com.sddevops.selenuim.NewTest@6200f9cb]" started-at="2022-02-04T22:56:30 PST" name="afterTest" finished-at="2022-02-04T22:56:31 PST" duration-ms="1189" status="PASS">
          <reporter-output>
          </reporter-output>
        </test-method> <!-- afterTest -->
      </class> <!-- com.sddevops.selenuim.NewTest -->
    </test> <!-- Test -->
  </suite> <!-- Suite -->
</testng-results>
