<?xml version="1.0" encoding="UTF-8"?>
<!-- Generated by org.testng.reporters.JUnitXMLReporter -->
<testsuite ignored="0" hostname="WIN-GLF10487UOQ" failures="0" tests="3" name="Default test" time="14.617" errors="0" timestamp="2022-01-31T22:06:08 PST">
  <testcase classname="com.sddevops.selenuim.NewTest" name="BankUserLogin" time="1.021"/>
  <testcase classname="com.sddevops.selenuim.NewTest" name="CustomerRegistration" time="5.192"/>
  <testcase classname="com.sddevops.selenuim.NewTest" name="CustomerTransaction" time="3.997"/>
</testsuite> <!-- Default test -->
