<?xml version="1.0" encoding="UTF-8"?>
<testng-results ignored="0" total="3" passed="3" failed="0" skipped="0">
  <reporter-output>
  </reporter-output>
  <suite started-at="2022-01-31T22:05:53 PST" name="Default suite" finished-at="2022-01-31T22:06:08 PST" duration-ms="14617">
    <groups>
    </groups>
    <test started-at="2022-01-31T22:05:53 PST" name="Default test" finished-at="2022-01-31T22:06:08 PST" duration-ms="14617">
      <class name="com.sddevops.selenuim.NewTest">
        <test-method is-config="true" signature="beforeTest()[pri:0, instance:com.sddevops.selenuim.NewTest@5c90e579]" started-at="2022-01-31T22:05:53 PST" name="beforeTest" finished-at="2022-01-31T22:05:56 PST" duration-ms="3207" status="PASS">
          <reporter-output>
          </reporter-output>
        </test-method> <!-- beforeTest -->
        <test-method signature="BankUserLogin()[pri:0, instance:com.sddevops.selenuim.NewTest@5c90e579]" started-at="2022-01-31T22:05:56 PST" name="BankUserLogin" finished-at="2022-01-31T22:05:58 PST" duration-ms="1021" status="PASS">
          <reporter-output>
          </reporter-output>
        </test-method> <!-- BankUserLogin -->
        <test-method signature="CustomerRegistration()[pri:0, instance:com.sddevops.selenuim.NewTest@5c90e579]" started-at="2022-01-31T22:05:58 PST" name="CustomerRegistration" finished-at="2022-01-31T22:06:03 PST" duration-ms="5192" status="PASS">
          <reporter-output>
          </reporter-output>
        </test-method> <!-- CustomerRegistration -->
        <test-method signature="CustomerTransaction()[pri:0, instance:com.sddevops.selenuim.NewTest@5c90e579]" started-at="2022-01-31T22:06:03 PST" name="CustomerTransaction" finished-at="2022-01-31T22:06:07 PST" duration-ms="3997" status="PASS">
          <reporter-output>
          </reporter-output>
        </test-method> <!-- CustomerTransaction -->
        <test-method is-config="true" signature="afterTest()[pri:0, instance:com.sddevops.selenuim.NewTest@5c90e579]" started-at="2022-01-31T22:06:07 PST" name="afterTest" finished-at="2022-01-31T22:06:08 PST" duration-ms="1050" status="PASS">
          <reporter-output>
          </reporter-output>
        </test-method> <!-- afterTest -->
      </class> <!-- com.sddevops.selenuim.NewTest -->
    </test> <!-- Default test -->
  </suite> <!-- Default suite -->
</testng-results>
